15:12:41 **** Incremental Build of configuration Debug for project 320_socket_server ****
make -j4 all 
make: Nothing to be done for 'all'.
15:12:47 **** Incremental Build of configuration Debug for project 320_socket_server ****
make -j4 all 
make: Nothing to be done for 'all'.
15:13:02 **** Incremental Build of configuration Debug for project 320_socket_server ****
make -j4 all 
make: Nothing to be done for 'all'.
15:13:07 **** Incremental Build of configuration Debug for project 320_socket_server ****
make -j4 all 
make: Nothing to be done for 'all'.
15:13:24 **** Incremental Build of configuration Debug for project 310_socket_client ****
make -j4 all 
gcc -O0 -g3 -Wall -c -fmessage-length=0 -MMD -MP -MF"src/main.d" -MT"src/main.o" -o "src/main.o" "../src/main.c"
gcc  -o "310_socket_client"  ./src/client.o ./src/debug.o ./src/main.o   
15:13:51 **** Incremental Build of configuration Debug for project 310_socket_client ****
make -j4 all 
gcc -O0 -g3 -Wall -c -fmessage-length=0 -MMD -MP -MF"src/main.d" -MT"src/main.o" -o "src/main.o" "../src/main.c"
gcc  -o "310_socket_client"  ./src/client.o ./src/debug.o ./src/main.o   
15:18:41 **** Incremental Build of configuration Debug for project 310_socket_client ****
make -j4 all 
gcc -O0 -g3 -Wall -c -fmessage-length=0 -MMD -MP -MF"src/main.d" -MT"src/main.o" -o "src/main.o" "../src/main.c"
gcc  -o "310_socket_client"  ./src/client.o ./src/debug.o ./src/main.o   
15:22:41 **** Incremental Build of configuration Debug for project 310_socket_client ****
make -j4 all 
make: Nothing to be done for 'all'.
15:23:31 **** Incremental Build of configuration Debug for project 310_socket_client ****
make -j4 all 
gcc -O0 -g3 -Wall -c -fmessage-length=0 -MMD -MP -MF"src/main.d" -MT"src/main.o" -o "src/main.o" "../src/main.c"
gcc  -o "310_socket_client"  ./src/client.o ./src/debug.o ./src/main.o   
15:24:41 **** Incremental Build of configuration Debug for project 310_socket_client ****
make -j4 all 
gcc -O0 -g3 -Wall -c -fmessage-length=0 -MMD -MP -MF"src/main.d" -MT"src/main.o" -o "src/main.o" "../src/main.c"
gcc  -o "310_socket_client"  ./src/client.o ./src/debug.o ./src/main.o   
16:31:36 **** Incremental Build of configuration Debug for project 310_socket_client ****
make -j4 all 
make: Nothing to be done for 'all'.
16:31:49 **** Incremental Build of configuration Debug for project 310_socket_client ****
make -j4 all 
gcc -O0 -g3 -Wall -c -fmessage-length=0 -MMD -MP -MF"src/main.d" -MT"src/main.o" -o "src/main.o" "../src/main.c"
gcc  -o "310_socket_client"  ./src/client.o ./src/debug.o ./src/main.o   
08:55:43 **** Incremental Build of configuration Debug for project 101_multithread_p4 ****
make -j4 all 
make: Nothing to be done for 'all'.
Info: Nothing to build for led_blink
Info: Nothing to build for led_blink
Info: Nothing to build for led_blink
Info: Nothing to build for puissance_4_stm32
Info: Nothing to build for puissance_4_stm32
Info: Nothing to build for puissance_4_stm32
Info: Nothing to build for puissance_4_stm32
Info: Nothing to build for puissance_4_stm32
09:52:48 **** Incremental Build of configuration Debug for project puissance_4_stm32 ****
Info: Internal Builder is used for build
arm-atollic-eabi-gcc -c -mthumb -mcpu=cortex-m4 -mfloat-abi=hard -mfpu=fpv4-sp-d16 -std=gnu11 -DUSE_HAL_DRIVER -DSTM32F429xx -I../Inc -I../Drivers/STM32F4xx_HAL_Driver/Inc -I../Drivers/STM32F4xx_HAL_Driver/Inc/Legacy -I../Drivers/CMSIS/Device/ST/STM32F4xx/Include -I../Drivers/CMSIS/Include -Os -ffunction-sections -fdata-sections -g -fstack-usage -Wall -specs=nano.specs -o Src/main.o ../Src/main.c 
arm-atollic-eabi-gcc -o puissance_4_stm32.elf Drivers/STM32F4xx_HAL_Driver/Src/stm32f4xx_hal.o Drivers/STM32F4xx_HAL_Driver/Src/stm32f4xx_hal_cortex.o Drivers/STM32F4xx_HAL_Driver/Src/stm32f4xx_hal_dma.o Drivers/STM32F4xx_HAL_Driver/Src/stm32f4xx_hal_dma_ex.o Drivers/STM32F4xx_HAL_Driver/Src/stm32f4xx_hal_eth.o Drivers/STM32F4xx_HAL_Driver/Src/stm32f4xx_hal_exti.o Drivers/STM32F4xx_HAL_Driver/Src/stm32f4xx_hal_flash.o Drivers/STM32F4xx_HAL_Driver/Src/stm32f4xx_hal_flash_ex.o Drivers/STM32F4xx_HAL_Driver/Src/stm32f4xx_hal_flash_ramfunc.o Drivers/STM32F4xx_HAL_Driver/Src/stm32f4xx_hal_gpio.o Drivers/STM32F4xx_HAL_Driver/Src/stm32f4xx_hal_pcd.o Drivers/STM32F4xx_HAL_Driver/Src/stm32f4xx_hal_pcd_ex.o Drivers/STM32F4xx_HAL_Driver/Src/stm32f4xx_hal_pwr.o Drivers/STM32F4xx_HAL_Driver/Src/stm32f4xx_hal_pwr_ex.o Drivers/STM32F4xx_HAL_Driver/Src/stm32f4xx_hal_rcc.o Drivers/STM32F4xx_HAL_Driver/Src/stm32f4xx_hal_rcc_ex.o Drivers/STM32F4xx_HAL_Driver/Src/stm32f4xx_hal_tim.o Drivers/STM32F4xx_HAL_Driver/Src/stm32f4xx_hal_tim_ex.o Drivers/STM32F4xx_HAL_Driver/Src/stm32f4xx_hal_uart.o Drivers/STM32F4xx_HAL_Driver/Src/stm32f4xx_ll_usb.o Src/leds_control.o Src/main.o Src/stm32f4xx_hal_msp.o Src/stm32f4xx_it.o Src/syscalls.o Src/system_stm32f4xx.o startup/startup_stm32f429xx.o -mthumb -mcpu=cortex-m4 -mfloat-abi=hard -mfpu=fpv4-sp-d16 -T../STM32F429ZI_FLASH.ld -specs=nosys.specs -static -Wl,-Map=puissance_4_stm32.map -Wl,--gc-sections -Wl,--defsym=malloc_getpagesize_P=0x80 -Wl,--start-group -lc -lm -Wl,--end-group -specs=nano.specs 
/opt/Atollic_TrueSTUDIO_for_STM32_x86_64_9.3.0/ide/jre/bin/java -jar /opt/Atollic_TrueSTUDIO_for_STM32_x86_64_9.3.0/Tools/arm-atollic-reports.jar sizeinfo list puissance_4_stm32.elf 
Generate build reports...
Print size information
   text	   data	    bss	    dec	    hex	filename
  14940	    120	   2752	  17812	   4594	puissance_4_stm32.elf
Print size information done
Generate listing file
Output sent to: puissance_4_stm32.list
Generate listing file done
Generate build reports done
arm-atollic-eabi-objcopy -O ihex puissance_4_stm32.elf puissance_4_stm32.hex 
Info: Nothing to build for puissance_4_stm32
